app/build/intermediates/manifest_merge_blame_file/release/processReleaseMainManifest/manifest-merger-blame-release-report.txt
1<?xml version="1.0" encoding="utf-8"?>
2<manifest xmlns:android="http://schemas.android.com/apk/res/android"
3    package="com.skycast"
4    android:versionCode="1"
5    android:versionName="1.0" >
6
7    <uses-sdk
8        android:minSdkVersion="24"
9        android:targetSdkVersion="34" />
10
11    <uses-permission android:name="android.permission.INTERNET" />
11-->src\main\AndroidManifest.xml:5:5-67
11-->src\main\AndroidManifest.xml:5:22-64
12    <uses-permission android:name="android.permission.ACCESS_NETWORK_STATE" />
12-->src\main\AndroidManifest.xml:6:5-79
12-->src\main\AndroidManifest.xml:6:22-76
13    <uses-permission android:name="android.permission.ACCESS_COARSE_LOCATION" />
13-->src\main\AndroidManifest.xml:7:5-81
13-->src\main\AndroidManifest.xml:7:22-78
14    <uses-permission android:name="android.permission.ACCESS_FINE_LOCATION" />
14-->src\main\AndroidManifest.xml:8:5-79
14-->src\main\AndroidManifest.xml:8:22-76
15    <uses-permission android:name="android.permission.POST_NOTIFICATIONS" />
15-->src\main\AndroidManifest.xml:9:5-77
15-->src\main\AndroidManifest.xml:9:22-74
16
17    <!-- Required to serve ads in proper categories -->
18    <uses-permission android:name="com.google.android.gms.permission.AD_ID" />
18-->src\main\AndroidManifest.xml:12:5-79
18-->src\main\AndroidManifest.xml:12:22-76
19    <uses-permission android:name="android.permission.ACCESS_ADSERVICES_AD_ID" />
19-->[com.google.android.gms:play-services-ads-lite:23.0.0] AndroidManifest.xml:27:5-82
19-->[com.google.android.gms:play-services-ads-lite:23.0.0] AndroidManifest.xml:27:22-79
20    <uses-permission android:name="android.permission.ACCESS_ADSERVICES_ATTRIBUTION" />
20-->[com.google.android.gms:play-services-ads-lite:23.0.0] AndroidManifest.xml:28:5-88
20-->[com.google.android.gms:play-services-ads-lite:23.0.0] AndroidManifest.xml:28:22-85
21    <uses-permission android:name="android.permission.ACCESS_ADSERVICES_TOPICS" /> <!-- Android package visibility setting -->
21-->[com.google.android.gms:play-services-ads-lite:23.0.0] AndroidManifest.xml:29:5-83
21-->[com.google.android.gms:play-services-ads-lite:23.0.0] AndroidManifest.xml:29:22-80
22    <queries>
22-->[com.google.android.gms:play-services-ads-lite:23.0.0] AndroidManifest.xml:35:5-51:15
23
24        <!-- For browser content -->
25        <intent>
25-->[com.google.android.gms:play-services-ads-lite:23.0.0] AndroidManifest.xml:38:9-44:18
26            <action android:name="android.intent.action.VIEW" />
26-->[com.google.android.gms:play-services-ads-lite:23.0.0] AndroidManifest.xml:39:13-65
26-->[com.google.android.gms:play-services-ads-lite:23.0.0] AndroidManifest.xml:39:21-62
27
28            <category android:name="android.intent.category.BROWSABLE" />
28-->[com.google.android.gms:play-services-ads-lite:23.0.0] AndroidManifest.xml:41:13-74
28-->[com.google.android.gms:play-services-ads-lite:23.0.0] AndroidManifest.xml:41:23-71
29
30            <data android:scheme="https" />
30-->[com.google.android.gms:play-services-ads-lite:23.0.0] AndroidManifest.xml:43:13-44
30-->[com.google.android.gms:play-services-ads-lite:23.0.0] AndroidManifest.xml:43:19-41
31        </intent>
32        <!-- End of browser content -->
33        <!-- For CustomTabsService -->
34        <intent>
34-->[com.google.android.gms:play-services-ads-lite:23.0.0] AndroidManifest.xml:47:9-49:18
35            <action android:name="android.support.customtabs.action.CustomTabsService" />
35-->[com.google.android.gms:play-services-ads-lite:23.0.0] AndroidManifest.xml:48:13-90
35-->[com.google.android.gms:play-services-ads-lite:23.0.0] AndroidManifest.xml:48:21-87
36        </intent>
37        <!-- End of CustomTabsService -->
38    </queries>
39
40    <uses-permission android:name="android.permission.WAKE_LOCK" />
40-->[com.google.android.gms:play-services-measurement-sdk-api:20.1.2] AndroidManifest.xml:25:5-68
40-->[com.google.android.gms:play-services-measurement-sdk-api:20.1.2] AndroidManifest.xml:25:22-65
41    <uses-permission android:name="android.permission.FOREGROUND_SERVICE" />
41-->[androidx.work:work-runtime:2.7.0] AndroidManifest.xml:28:5-77
41-->[androidx.work:work-runtime:2.7.0] AndroidManifest.xml:28:22-74
42
43    <permission
43-->[androidx.core:core:1.12.0] AndroidManifest.xml:22:5-24:47
44        android:name="com.skycast.DYNAMIC_RECEIVER_NOT_EXPORTED_PERMISSION"
44-->[androidx.core:core:1.12.0] AndroidManifest.xml:23:9-81
45        android:protectionLevel="signature" />
45-->[androidx.core:core:1.12.0] AndroidManifest.xml:24:9-44
46
47    <uses-permission android:name="com.skycast.DYNAMIC_RECEIVER_NOT_EXPORTED_PERMISSION" />
47-->[androidx.core:core:1.12.0] AndroidManifest.xml:26:5-97
47-->[androidx.core:core:1.12.0] AndroidManifest.xml:26:22-94
48
49    <application
49-->src\main\AndroidManifest.xml:14:5-39:19
50        android:name="com.skycast.SkyCastApplication"
50-->src\main\AndroidManifest.xml:15:9-43
51        android:allowBackup="true"
51-->src\main\AndroidManifest.xml:16:9-35
52        android:appComponentFactory="androidx.core.app.CoreComponentFactory"
52-->[androidx.core:core:1.12.0] AndroidManifest.xml:28:18-86
53        android:extractNativeLibs="false"
54        android:icon="@android:drawable/sym_def_app_icon"
54-->src\main\AndroidManifest.xml:17:9-58
55        android:label="@string/app_name"
55-->src\main\AndroidManifest.xml:18:9-41
56        android:roundIcon="@android:drawable/sym_def_app_icon"
56-->src\main\AndroidManifest.xml:19:9-63
57        android:supportsRtl="true"
57-->src\main\AndroidManifest.xml:20:9-35
58        android:theme="@style/Theme.SkyCast" >
58-->src\main\AndroidManifest.xml:21:9-45
59
60        <!-- Sample AdMob App ID (Test Only) -->
61        <meta-data
61-->src\main\AndroidManifest.xml:25:9-27:69
62            android:name="com.google.android.gms.ads.APPLICATION_ID"
62-->src\main\AndroidManifest.xml:26:13-69
63            android:value="ca-app-pub-5072650034078180~6218685999" />
63-->src\main\AndroidManifest.xml:27:13-67
64
65        <activity
65-->src\main\AndroidManifest.xml:29:9-38:20
66            android:name="com.skycast.MainActivity"
66-->src\main\AndroidManifest.xml:30:13-41
67            android:exported="true"
67-->src\main\AndroidManifest.xml:31:13-36
68            android:theme="@style/Theme.SkyCast" >
68-->src\main\AndroidManifest.xml:32:13-49
69            <intent-filter>
69-->src\main\AndroidManifest.xml:33:13-37:29
70                <action android:name="android.intent.action.MAIN" />
70-->src\main\AndroidManifest.xml:34:17-69
70-->src\main\AndroidManifest.xml:34:25-66
71
72                <category android:name="android.intent.category.LAUNCHER" />
72-->src\main\AndroidManifest.xml:36:17-77
72-->src\main\AndroidManifest.xml:36:27-74
73            </intent-filter>
74        </activity>
75        <!-- Include the AdActivity and InAppPurchaseActivity configChanges and themes. -->
76        <activity
76-->[com.google.android.gms:play-services-ads-lite:23.0.0] AndroidManifest.xml:56:9-61:43
77            android:name="com.google.android.gms.ads.AdActivity"
77-->[com.google.android.gms:play-services-ads-lite:23.0.0] AndroidManifest.xml:57:13-65
78            android:configChanges="keyboard|keyboardHidden|orientation|screenLayout|uiMode|screenSize|smallestScreenSize"
78-->[com.google.android.gms:play-services-ads-lite:23.0.0] AndroidManifest.xml:58:13-122
79            android:exported="false"
79-->[com.google.android.gms:play-services-ads-lite:23.0.0] AndroidManifest.xml:59:13-37
80            android:theme="@android:style/Theme.Translucent" />
80-->[com.google.android.gms:play-services-ads-lite:23.0.0] AndroidManifest.xml:60:13-61
81
82        <provider
82-->[com.google.android.gms:play-services-ads-lite:23.0.0] AndroidManifest.xml:63:9-68:43
83            android:name="com.google.android.gms.ads.MobileAdsInitProvider"
83-->[com.google.android.gms:play-services-ads-lite:23.0.0] AndroidManifest.xml:64:13-76
84            android:authorities="com.skycast.mobileadsinitprovider"
84-->[com.google.android.gms:play-services-ads-lite:23.0.0] AndroidManifest.xml:65:13-73
85            android:exported="false"
85-->[com.google.android.gms:play-services-ads-lite:23.0.0] AndroidManifest.xml:66:13-37
86            android:initOrder="100" />
86-->[com.google.android.gms:play-services-ads-lite:23.0.0] AndroidManifest.xml:67:13-36
87
88        <service
88-->[com.google.android.gms:play-services-ads-lite:23.0.0] AndroidManifest.xml:70:9-74:43
89            android:name="com.google.android.gms.ads.AdService"
89-->[com.google.android.gms:play-services-ads-lite:23.0.0] AndroidManifest.xml:71:13-64
90            android:enabled="true"
90-->[com.google.android.gms:play-services-ads-lite:23.0.0] AndroidManifest.xml:72:13-35
91            android:exported="false" />
91-->[com.google.android.gms:play-services-ads-lite:23.0.0] AndroidManifest.xml:73:13-37
92
93        <activity
93-->[com.google.android.gms:play-services-ads-lite:23.0.0] AndroidManifest.xml:76:9-80:43
94            android:name="com.google.android.gms.ads.OutOfContextTestingActivity"
94-->[com.google.android.gms:play-services-ads-lite:23.0.0] AndroidManifest.xml:77:13-82
95            android:configChanges="keyboard|keyboardHidden|orientation|screenLayout|uiMode|screenSize|smallestScreenSize"
95-->[com.google.android.gms:play-services-ads-lite:23.0.0] AndroidManifest.xml:78:13-122
96            android:exported="false" />
96-->[com.google.android.gms:play-services-ads-lite:23.0.0] AndroidManifest.xml:79:13-37
97        <activity
97-->[com.google.android.gms:play-services-ads-lite:23.0.0] AndroidManifest.xml:81:9-88:43
98            android:name="com.google.android.gms.ads.NotificationHandlerActivity"
98-->[com.google.android.gms:play-services-ads-lite:23.0.0] AndroidManifest.xml:82:13-82
99            android:excludeFromRecents="true"
99-->[com.google.android.gms:play-services-ads-lite:23.0.0] AndroidManifest.xml:83:13-46
100            android:exported="false"
100-->[com.google.android.gms:play-services-ads-lite:23.0.0] AndroidManifest.xml:84:13-37
101            android:launchMode="singleTask"
101-->[com.google.android.gms:play-services-ads-lite:23.0.0] AndroidManifest.xml:85:13-44
102            android:taskAffinity=""
102-->[com.google.android.gms:play-services-ads-lite:23.0.0] AndroidManifest.xml:86:13-36
103            android:theme="@android:style/Theme.Translucent.NoTitleBar" />
103-->[com.google.android.gms:play-services-ads-lite:23.0.0] AndroidManifest.xml:87:13-72
104
105        <property
105-->[com.google.android.gms:play-services-ads-lite:23.0.0] AndroidManifest.xml:90:9-92:62
106            android:name="android.adservices.AD_SERVICES_CONFIG"
106-->[com.google.android.gms:play-services-ads-lite:23.0.0] AndroidManifest.xml:91:13-65
107            android:resource="@xml/gma_ad_services_config" />
107-->[com.google.android.gms:play-services-ads-lite:23.0.0] AndroidManifest.xml:92:13-59
108
109        <activity
109-->[com.google.android.gms:play-services-base:18.0.0] AndroidManifest.xml:20:9-22:45
110            android:name="com.google.android.gms.common.api.GoogleApiActivity"
110-->[com.google.android.gms:play-services-base:18.0.0] AndroidManifest.xml:20:19-85
111            android:exported="false"
111-->[com.google.android.gms:play-services-base:18.0.0] AndroidManifest.xml:22:19-43
112            android:theme="@android:style/Theme.Translucent.NoTitleBar" />
112-->[com.google.android.gms:play-services-base:18.0.0] AndroidManifest.xml:21:19-78
113
114        <meta-data
114-->[com.google.android.gms:play-services-basement:18.2.0] AndroidManifest.xml:21:9-23:69
115            android:name="com.google.android.gms.version"
115-->[com.google.android.gms:play-services-basement:18.2.0] AndroidManifest.xml:22:13-58
116            android:value="@integer/google_play_services_version" />
116-->[com.google.android.gms:play-services-basement:18.2.0] AndroidManifest.xml:23:13-66
117
118        <provider
118-->[androidx.work:work-runtime:2.7.0] AndroidManifest.xml:31:9-39:20
119            android:name="androidx.startup.InitializationProvider"
119-->[androidx.work:work-runtime:2.7.0] AndroidManifest.xml:32:13-67
120            android:authorities="com.skycast.androidx-startup"
120-->[androidx.work:work-runtime:2.7.0] AndroidManifest.xml:33:13-68
121            android:exported="false" >
121-->[androidx.work:work-runtime:2.7.0] AndroidManifest.xml:34:13-37
122            <meta-data
122-->[androidx.work:work-runtime:2.7.0] AndroidManifest.xml:36:13-38:52
123                android:name="androidx.work.WorkManagerInitializer"
123-->[androidx.work:work-runtime:2.7.0] AndroidManifest.xml:37:17-68
124                android:value="androidx.startup" />
124-->[androidx.work:work-runtime:2.7.0] AndroidManifest.xml:38:17-49
125            <meta-data
125-->[androidx.emoji2:emoji2:1.3.0] AndroidManifest.xml:29:13-31:52
126                android:name="androidx.emoji2.text.EmojiCompatInitializer"
126-->[androidx.emoji2:emoji2:1.3.0] AndroidManifest.xml:30:17-75
127                android:value="androidx.startup" />
127-->[androidx.emoji2:emoji2:1.3.0] AndroidManifest.xml:31:17-49
128            <meta-data
128-->[androidx.lifecycle:lifecycle-process:2.7.0] AndroidManifest.xml:29:13-31:52
129                android:name="androidx.lifecycle.ProcessLifecycleInitializer"
129-->[androidx.lifecycle:lifecycle-process:2.7.0] AndroidManifest.xml:30:17-78
130                android:value="androidx.startup" />
130-->[androidx.lifecycle:lifecycle-process:2.7.0] AndroidManifest.xml:31:17-49
131            <meta-data
131-->[androidx.profileinstaller:profileinstaller:1.3.0] AndroidManifest.xml:29:13-31:52
132                android:name="androidx.profileinstaller.ProfileInstallerInitializer"
132-->[androidx.profileinstaller:profileinstaller:1.3.0] AndroidManifest.xml:30:17-85
133                android:value="androidx.startup" />
133-->[androidx.profileinstaller:profileinstaller:1.3.0] AndroidManifest.xml:31:17-49
134        </provider>
135
136        <service
136-->[androidx.work:work-runtime:2.7.0] AndroidManifest.xml:41:9-46:35
137            android:name="androidx.work.impl.background.systemalarm.SystemAlarmService"
137-->[androidx.work:work-runtime:2.7.0] AndroidManifest.xml:42:13-88
138            android:directBootAware="false"
138-->[androidx.work:work-runtime:2.7.0] AndroidManifest.xml:43:13-44
139            android:enabled="@bool/enable_system_alarm_service_default"
139-->[androidx.work:work-runtime:2.7.0] AndroidManifest.xml:44:13-72
140            android:exported="false" />
140-->[androidx.work:work-runtime:2.7.0] AndroidManifest.xml:45:13-37
141        <service
141-->[androidx.work:work-runtime:2.7.0] AndroidManifest.xml:47:9-53:35
142            android:name="androidx.work.impl.background.systemjob.SystemJobService"
142-->[androidx.work:work-runtime:2.7.0] AndroidManifest.xml:48:13-84
143            android:directBootAware="false"
143-->[androidx.work:work-runtime:2.7.0] AndroidManifest.xml:49:13-44
144            android:enabled="@bool/enable_system_job_service_default"
144-->[androidx.work:work-runtime:2.7.0] AndroidManifest.xml:50:13-70
145            android:exported="true"
145-->[androidx.work:work-runtime:2.7.0] AndroidManifest.xml:51:13-36
146            android:permission="android.permission.BIND_JOB_SERVICE" />
146-->[androidx.work:work-runtime:2.7.0] AndroidManifest.xml:52:13-69
147        <service
147-->[androidx.work:work-runtime:2.7.0] AndroidManifest.xml:54:9-59:35
148            android:name="androidx.work.impl.foreground.SystemForegroundService"
148-->[androidx.work:work-runtime:2.7.0] AndroidManifest.xml:55:13-81
149            android:directBootAware="false"
149-->[androidx.work:work-runtime:2.7.0] AndroidManifest.xml:56:13-44
150            android:enabled="@bool/enable_system_foreground_service_default"
150-->[androidx.work:work-runtime:2.7.0] AndroidManifest.xml:57:13-77
151            android:exported="false" />
151-->[androidx.work:work-runtime:2.7.0] AndroidManifest.xml:58:13-37
152
153        <receiver
153-->[androidx.work:work-runtime:2.7.0] AndroidManifest.xml:61:9-66:35
154            android:name="androidx.work.impl.utils.ForceStopRunnable$BroadcastReceiver"
154-->[androidx.work:work-runtime:2.7.0] AndroidManifest.xml:62:13-88
155            android:directBootAware="false"
155-->[androidx.work:work-runtime:2.7.0] AndroidManifest.xml:63:13-44
156            android:enabled="true"
156-->[androidx.work:work-runtime:2.7.0] AndroidManifest.xml:64:13-35
157            android:exported="false" />
157-->[androidx.work:work-runtime:2.7.0] AndroidManifest.xml:65:13-37
158        <receiver
158-->[androidx.work:work-runtime:2.7.0] AndroidManifest.xml:67:9-77:20
159            android:name="androidx.work.impl.background.systemalarm.ConstraintProxy$BatteryChargingProxy"
159-->[androidx.work:work-runtime:2.7.0] AndroidManifest.xml:68:13-106
160            android:directBootAware="false"
160-->[androidx.work:work-runtime:2.7.0] AndroidManifest.xml:69:13-44
161            android:enabled="false"
161-->[androidx.work:work-runtime:2.7.0] AndroidManifest.xml:70:13-36
162            android:exported="false" >
162-->[androidx.work:work-runtime:2.7.0] AndroidManifest.xml:71:13-37
163            <intent-filter>
163-->[androidx.work:work-runtime:2.7.0] AndroidManifest.xml:73:13-76:29
164                <action android:name="android.intent.action.ACTION_POWER_CONNECTED" />
164-->[androidx.work:work-runtime:2.7.0] AndroidManifest.xml:74:17-87
164-->[androidx.work:work-runtime:2.7.0] AndroidManifest.xml:74:25-84
165                <action android:name="android.intent.action.ACTION_POWER_DISCONNECTED" />
165-->[androidx.work:work-runtime:2.7.0] AndroidManifest.xml:75:17-90
165-->[androidx.work:work-runtime:2.7.0] AndroidManifest.xml:75:25-87
166            </intent-filter>
167        </receiver>
168        <receiver
168-->[androidx.work:work-runtime:2.7.0] AndroidManifest.xml:78:9-88:20
169            android:name="androidx.work.impl.background.systemalarm.ConstraintProxy$BatteryNotLowProxy"
169-->[androidx.work:work-runtime:2.7.0] AndroidManifest.xml:79:13-104
170            android:directBootAware="false"
170-->[androidx.work:work-runtime:2.7.0] AndroidManifest.xml:80:13-44
171            android:enabled="false"
171-->[androidx.work:work-runtime:2.7.0] AndroidManifest.xml:81:13-36
172            android:exported="false" >
172-->[androidx.work:work-runtime:2.7.0] AndroidManifest.xml:82:13-37
173            <intent-filter>
173-->[androidx.work:work-runtime:2.7.0] AndroidManifest.xml:84:13-87:29
174                <action android:name="android.intent.action.BATTERY_OKAY" />
174-->[androidx.work:work-runtime:2.7.0] AndroidManifest.xml:85:17-77
174-->[androidx.work:work-runtime:2.7.0] AndroidManifest.xml:85:25-74
175                <action android:name="android.intent.action.BATTERY_LOW" />
175-->[androidx.work:work-runtime:2.7.0] AndroidManifest.xml:86:17-76
175-->[androidx.work:work-runtime:2.7.0] AndroidManifest.xml:86:25-73
176            </intent-filter>
177        </receiver>
178        <receiver
178-->[androidx.work:work-runtime:2.7.0] AndroidManifest.xml:89:9-99:20
179            android:name="androidx.work.impl.background.systemalarm.ConstraintProxy$StorageNotLowProxy"
179-->[androidx.work:work-runtime:2.7.0] AndroidManifest.xml:90:13-104
180            android:directBootAware="false"
180-->[androidx.work:work-runtime:2.7.0] AndroidManifest.xml:91:13-44
181            android:enabled="false"
181-->[androidx.work:work-runtime:2.7.0] AndroidManifest.xml:92:13-36
182            android:exported="false" >
182-->[androidx.work:work-runtime:2.7.0] AndroidManifest.xml:93:13-37
183            <intent-filter>
183-->[androidx.work:work-runtime:2.7.0] AndroidManifest.xml:95:13-98:29
184                <action android:name="android.intent.action.DEVICE_STORAGE_LOW" />
184-->[androidx.work:work-runtime:2.7.0] AndroidManifest.xml:96:17-83
184-->[androidx.work:work-runtime:2.7.0] AndroidManifest.xml:96:25-80
185                <action android:name="android.intent.action.DEVICE_STORAGE_OK" />
185-->[androidx.work:work-runtime:2.7.0] AndroidManifest.xml:97:17-82
185-->[androidx.work:work-runtime:2.7.0] AndroidManifest.xml:97:25-79
186            </intent-filter>
187        </receiver>
188        <receiver
188-->[androidx.work:work-runtime:2.7.0] AndroidManifest.xml:100:9-109:20
189            android:name="androidx.work.impl.background.systemalarm.ConstraintProxy$NetworkStateProxy"
189-->[androidx.work:work-runtime:2.7.0] AndroidManifest.xml:101:13-103
190            android:directBootAware="false"
190-->[androidx.work:work-runtime:2.7.0] AndroidManifest.xml:102:13-44
191            android:enabled="false"
191-->[androidx.work:work-runtime:2.7.0] AndroidManifest.xml:103:13-36
192            android:exported="false" >
192-->[androidx.work:work-runtime:2.7.0] AndroidManifest.xml:104:13-37
193            <intent-filter>
193-->[androidx.work:work-runtime:2.7.0] AndroidManifest.xml:106:13-108:29
194                <action android:name="android.net.conn.CONNECTIVITY_CHANGE" />
194-->[androidx.work:work-runtime:2.7.0] AndroidManifest.xml:107:17-79
194-->[androidx.work:work-runtime:2.7.0] AndroidManifest.xml:107:25-76
195            </intent-filter>
196        </receiver>
197        <receiver
197-->[androidx.work:work-runtime:2.7.0] AndroidManifest.xml:110:9-121:20
198            android:name="androidx.work.impl.background.systemalarm.RescheduleReceiver"
198-->[androidx.work:work-runtime:2.7.0] AndroidManifest.xml:111:13-88
199            android:directBootAware="false"
199-->[androidx.work:work-runtime:2.7.0] AndroidManifest.xml:112:13-44
200            android:enabled="false"
200-->[androidx.work:work-runtime:2.7.0] AndroidManifest.xml:113:13-36
201            android:exported="false" >
201-->[androidx.work:work-runtime:2.7.0] AndroidManifest.xml:114:13-37
202            <intent-filter>
202-->[androidx.work:work-runtime:2.7.0] AndroidManifest.xml:116:13-120:29
203                <action android:name="android.intent.action.BOOT_COMPLETED" />
203-->[androidx.work:work-runtime:2.7.0] AndroidManifest.xml:117:17-79
203-->[androidx.work:work-runtime:2.7.0] AndroidManifest.xml:117:25-76
204                <action android:name="android.intent.action.TIME_SET" />
204-->[androidx.work:work-runtime:2.7.0] AndroidManifest.xml:118:17-73
204-->[androidx.work:work-runtime:2.7.0] AndroidManifest.xml:118:25-70
205                <action android:name="android.intent.action.TIMEZONE_CHANGED" />
205-->[androidx.work:work-runtime:2.7.0] AndroidManifest.xml:119:17-81
205-->[androidx.work:work-runtime:2.7.0] AndroidManifest.xml:119:25-78
206            </intent-filter>
207        </receiver>
208        <receiver
208-->[androidx.work:work-runtime:2.7.0] AndroidManifest.xml:122:9-131:20
209            android:name="androidx.work.impl.background.systemalarm.ConstraintProxyUpdateReceiver"
209-->[androidx.work:work-runtime:2.7.0] AndroidManifest.xml:123:13-99
210            android:directBootAware="false"
210-->[androidx.work:work-runtime:2.7.0] AndroidManifest.xml:124:13-44
211            android:enabled="@bool/enable_system_alarm_service_default"
211-->[androidx.work:work-runtime:2.7.0] AndroidManifest.xml:125:13-72
212            android:exported="false" >
212-->[androidx.work:work-runtime:2.7.0] AndroidManifest.xml:126:13-37
213            <intent-filter>
213-->[androidx.work:work-runtime:2.7.0] AndroidManifest.xml:128:13-130:29
214                <action android:name="androidx.work.impl.background.systemalarm.UpdateProxies" />
214-->[androidx.work:work-runtime:2.7.0] AndroidManifest.xml:129:17-98
214-->[androidx.work:work-runtime:2.7.0] AndroidManifest.xml:129:25-95
215            </intent-filter>
216        </receiver>
217        <receiver
217-->[androidx.work:work-runtime:2.7.0] AndroidManifest.xml:132:9-142:20
218            android:name="androidx.work.impl.diagnostics.DiagnosticsReceiver"
218-->[androidx.work:work-runtime:2.7.0] AndroidManifest.xml:133:13-78
219            android:directBootAware="false"
219-->[androidx.work:work-runtime:2.7.0] AndroidManifest.xml:134:13-44
220            android:enabled="true"
220-->[androidx.work:work-runtime:2.7.0] AndroidManifest.xml:135:13-35
221            android:exported="true"
221-->[androidx.work:work-runtime:2.7.0] AndroidManifest.xml:136:13-36
222            android:permission="android.permission.DUMP" >
222-->[androidx.work:work-runtime:2.7.0] AndroidManifest.xml:137:13-57
223            <intent-filter>
223-->[androidx.work:work-runtime:2.7.0] AndroidManifest.xml:139:13-141:29
224                <action android:name="androidx.work.diagnostics.REQUEST_DIAGNOSTICS" />
224-->[androidx.work:work-runtime:2.7.0] AndroidManifest.xml:140:17-88
224-->[androidx.work:work-runtime:2.7.0] AndroidManifest.xml:140:25-85
225            </intent-filter>
226        </receiver>
227
228        <uses-library
228-->[androidx.privacysandbox.ads:ads-adservices:1.0.0-beta05] AndroidManifest.xml:23:9-25:40
229            android:name="android.ext.adservices"
229-->[androidx.privacysandbox.ads:ads-adservices:1.0.0-beta05] AndroidManifest.xml:24:13-50
230            android:required="false" />
230-->[androidx.privacysandbox.ads:ads-adservices:1.0.0-beta05] AndroidManifest.xml:25:13-37
231
232        <service
232-->[androidx.room:room-runtime:2.6.1] AndroidManifest.xml:24:9-28:63
233            android:name="androidx.room.MultiInstanceInvalidationService"
233-->[androidx.room:room-runtime:2.6.1] AndroidManifest.xml:25:13-74
234            android:directBootAware="true"
234-->[androidx.room:room-runtime:2.6.1] AndroidManifest.xml:26:13-43
235            android:exported="false" />
235-->[androidx.room:room-runtime:2.6.1] AndroidManifest.xml:27:13-37
236
237        <receiver
237-->[androidx.profileinstaller:profileinstaller:1.3.0] AndroidManifest.xml:34:9-52:20
238            android:name="androidx.profileinstaller.ProfileInstallReceiver"
238-->[androidx.profileinstaller:profileinstaller:1.3.0] AndroidManifest.xml:35:13-76
239            android:directBootAware="false"
239-->[androidx.profileinstaller:profileinstaller:1.3.0] AndroidManifest.xml:36:13-44
240            android:enabled="true"
240-->[androidx.profileinstaller:profileinstaller:1.3.0] AndroidManifest.xml:37:13-35
241            android:exported="true"
241-->[androidx.profileinstaller:profileinstaller:1.3.0] AndroidManifest.xml:38:13-36
242            android:permission="android.permission.DUMP" >
242-->[androidx.profileinstaller:profileinstaller:1.3.0] AndroidManifest.xml:39:13-57
243            <intent-filter>
243-->[androidx.profileinstaller:profileinstaller:1.3.0] AndroidManifest.xml:40:13-42:29
244                <action android:name="androidx.profileinstaller.action.INSTALL_PROFILE" />
244-->[androidx.profileinstaller:profileinstaller:1.3.0] AndroidManifest.xml:41:17-91
244-->[androidx.profileinstaller:profileinstaller:1.3.0] AndroidManifest.xml:41:25-88
245            </intent-filter>
246            <intent-filter>
246-->[androidx.profileinstaller:profileinstaller:1.3.0] AndroidManifest.xml:43:13-45:29
247                <action android:name="androidx.profileinstaller.action.SKIP_FILE" />
247-->[androidx.profileinstaller:profileinstaller:1.3.0] AndroidManifest.xml:44:17-85
247-->[androidx.profileinstaller:profileinstaller:1.3.0] AndroidManifest.xml:44:25-82
248            </intent-filter>
249            <intent-filter>
249-->[androidx.profileinstaller:profileinstaller:1.3.0] AndroidManifest.xml:46:13-48:29
250                <action android:name="androidx.profileinstaller.action.SAVE_PROFILE" />
250-->[androidx.profileinstaller:profileinstaller:1.3.0] AndroidManifest.xml:47:17-88
250-->[androidx.profileinstaller:profileinstaller:1.3.0] AndroidManifest.xml:47:25-85
251            </intent-filter>
252            <intent-filter>
252-->[androidx.profileinstaller:profileinstaller:1.3.0] AndroidManifest.xml:49:13-51:29
253                <action android:name="androidx.profileinstaller.action.BENCHMARK_OPERATION" />
253-->[androidx.profileinstaller:profileinstaller:1.3.0] AndroidManifest.xml:50:17-95
253-->[androidx.profileinstaller:profileinstaller:1.3.0] AndroidManifest.xml:50:25-92
254            </intent-filter>
255        </receiver>
256    </application>
257
258</manifest>